<?xml version="1.0" encoding="UTF-8"?>
<!-- Generated by org.testng.reporters.JUnitReportReporter -->
<testsuite skipped="0" hostname="DELL18012504" name="com.example.excute.ExcuteCase" tests="2" failures="0" timestamp="2019-11-26T16:28:37 CST" time="35.003" errors="0">
  <testcase name="excute" time="15.616" classname="com.example.excute.ExcuteCase"/>
  <testcase name="excute" time="19.387" classname="com.example.excute.ExcuteCase"/>
</testsuite> <!-- com.example.excute.ExcuteCase -->
