<?xml version="1.0" encoding="UTF-8"?>
<!-- Generated by org.testng.reporters.JUnitReportReporter -->
<testsuite skipped="0" hostname="DELL18012504" name="com.example.excute.ExcuteCase" tests="1" failures="0" timestamp="2020-01-08T13:56:58 CST" time="4.845" errors="0">
  <testcase name="excute" time="4.845" classname="com.example.excute.ExcuteCase"/>
</testsuite> <!-- com.example.excute.ExcuteCase -->
