<?xml version="1.0" encoding="UTF-8"?>
<!-- Generated by org.testng.reporters.JUnitReportReporter -->
<testsuite skipped="0" hostname="hujie-pc" name="com.example.excute.ExcuteCase" tests="1" failures="0" timestamp="2020-09-30T14:26:59 CST" time="19.056" errors="0">
  <testcase name="excute" time="19.056" classname="com.example.excute.ExcuteCase"/>
</testsuite> <!-- com.example.excute.ExcuteCase -->
