<?xml version="1.0" encoding="UTF-8"?>
<!-- Generated by org.testng.reporters.JUnitReportReporter -->
<testsuite skipped="0" hostname="DELL18012504" name="com.example.excute.ExcuteCase" tests="1" failures="0" timestamp="2019-12-17T16:14:41 CST" time="3.893" errors="0">
  <testcase name="excute" time="3.893" classname="com.example.excute.ExcuteCase"/>
</testsuite> <!-- com.example.excute.ExcuteCase -->
